1539173649252	mozrunner::runner	INFO	Running command: "C:\\Program Files\\Mozilla Firefox\\firefox.exe" "-marionette" "-foreground" "-no-remote" "-profile" "C:\\Users\\Abubakar\\AppData\\Local\\Temp\\rust_mozprofile.ACkvNXS8YB6n"
1539173654460	Marionette	INFO	Listening on port 20391
1539173654795	Marionette	WARN	TLS certificate errors will be ignored for this session
1539173654855	Marionette	DEBUG	[6442450945] Frame script loaded
1539173654858	Marionette	DEBUG	[6442450945] Frame script registered
1539173654886	Marionette	DEBUG	[6442450945] Received DOM event beforeunload for about:blank
1539173657153	Marionette	DEBUG	[6442450945] Received DOM event pagehide for about:blank
JavaScript error: https://agency-pia.crane.aero/Login.jsp, line 730: SyntaxError: '' string literal contains an unescaped line break
1539173659087	Marionette	DEBUG	[6442450945] Received DOM event DOMContentLoaded for https://agency-pia.crane.aero/Login.jsp
1539173660006	Marionette	DEBUG	[6442450945] Received DOM event pageshow for https://agency-pia.crane.aero/Login.jsp
1539173665198	Marionette	DEBUG	[6442450945] Received DOM event beforeunload for https://agency-pia.crane.aero/JSF/RezvEntry.xhtml?faces-redirect=true
1539173665927	Marionette	DEBUG	[6442450945] Received DOM event pagehide for https://agency-pia.crane.aero/JSF/RezvEntry.xhtml?faces-redirect=true
1539173665928	Marionette	DEBUG	[6442450945] Received DOM event unload for https://agency-pia.crane.aero/JSF/RezvEntry.xhtml?faces-redirect=true
JavaScript error: https://agency-pia.crane.aero/PNRManagement.jsp, line 2470: SyntaxError: '' string literal contains an unescaped line break
1539173666777	Marionette	DEBUG	[6442450945] Received DOM event DOMContentLoaded for https://agency-pia.crane.aero/PNRManagement.jsp
1539173667016	Marionette	DEBUG	[6442450945] Received DOM event pageshow for https://agency-pia.crane.aero/PNRManagement.jsp
1539173672383	Marionette	DEBUG	[6442450945] Canceled page load listener because no navigation has been detected
JavaScript error: https://agency-pia.crane.aero/RezvEdit.jsp?paramp=TOvk6t90Ag4HHumfOQlbctctuC3pDrjC5hMr%2Fly0jNc%3D, line 2417: SyntaxError: '' string literal contains an unescaped line break
1539173677516	Marionette	INFO	Stopped listening on port 20391
[Parent 1164, Gecko_IOThread] WARNING: pipe error: 109: file z:/build/build/src/ipc/chromium/src/chrome/common/ipc_channel_win.cc, line 346
[Parent 1164, Gecko_IOThread] WARNING: pipe error: 109: file z:/build/build/src/ipc/chromium/src/chrome/common/ipc_channel_win.cc, line 346
[Child 10528, Chrome_ChildThread] WARNING: pipe error: 109: file z:/build/build/src/ipc/chromium/src/chrome/common/ipc_channel_win.cc, line 346
[Child 10528, Chrome[GPU 2
###!!! [Child][MessageChannel::SendAndWait] Error: Channel error: cannot send/recv

uild/build/src/ipc/chromium/src/chrome/common/ipc_channel_win.cc, line 346
[Child 5740, Chrome_ChildThread[Parent 8596, Gecko_IOThread] WARNING: pipe error: 109: file z:/build/build/src/ipc/chromium/src/chrome/common/ipc_channel_win.cc, line 346
[GPU 8
###!!! [Child][MessageChannel::SendAndWait] Error: Channel error: cannot send/recv

 error: cannot send/recv

rror: Channel error: cannot send/recv

rror: cannot send/recv

mmon/ipc_channel_win.cc, line 346
[Parent 13704, Gecko_IOThread] WARNING: file z:/build/build/src/ipc/chromium/src/base/process_util_win.cc, line 188
1539080890586	Marionette	INFO	Stopped listening on port 8843
[GPU 12320, Chrome_ChildThread] WARNING: pipe error: 109: file z:/build/build/src/ipc/chromium/src/chrome/common/ipc_channel_win.cc, line 346

###!!! [Child][MessageChannel::SendAndWait] Error: Channel error: cannot send/recv

ror: PLayerTransaction::Msg_ReleaseLayer Processing error: message was deserialized, but the handler returned false (indicating failure)

1539078743025	Marionette	DEBUG	[4294967297] Received observer notification outer-window-destroyed for 4294967297
[Parent 14088, Gecko_IOThread] WARNING: pipe error: 109: file z:/build/build/src/ipc/chromium/src/chrome/common/ipc_channel_win.cc, line 346
[Parent 14088, Gecko_IOThread] WARNING: pipe error: 109: file z:/build/build/src/ipc/chromium/src/chrome/common/ipc_channel_win.cc, line 346
[Child 15364, Chrome_ChildThread] WARNING: pipe error: 109: file z:/build/build/src/ipc/chromium/src/chrome/common/ipc_channel_win.cc, line 346

###!!! [Child][RunMessage] Error: Channel closing: too late to send/recv, messages will be lost

[Child 15364, Chrome_ChildThread] WARNING: pipe error: 109: file z:/build/build/src/ipc/chromium/src/chrome/common/ipc_channel_win.c[Parent 14088, Gecko_IOThread] WARNING: pipe error: 109: file z:/build/build/src/ipc/chromium/src/chrome/common/ipc_channel_win.cc, line 346
1539078746969	Marionette	INFO	Stopped listening on port 6380
[GPU 12
###!!! [Child][MessageChannel::SendAndWait] Error: Channel error: cannot send/recv

nnot send/recv

A content process crashed and MOZ_CRASHREPORTER_SHUTDOWN is set, shutting down

###!!! [Parent][RunMessage] Error: Channel error: cannot send/recv

[Parent 9376, Gecko_IOThread] WARNING: file z:/build/build/src/ipc/chromium/src/base/process_util_win.cc, line 188
A content process crashed and MOZ_CRASHREPORTER_SHUTDOWN is set, shutting down
[Parent 9376, Gecko_IOThread] WARNING: file z:/build/build/src/ipc/chromium/src/base/process_util_win.cc, line 188
1538992101509	Marionette	INFO	Stopped listening on port 10177

###!!! [Child][MessageChannel::SendAndWait] Error: Channel error: cannot send/recv

alized, but the handler returned false (indicating failure)

IPDL protocol error: Handler returned error code!

###!!! [Parent][DispatchAsyncMessage] Error: PLayerTransaction::Msg_ReleaseLayer Processing error: message was deserialized, but the handler returned false (indicating failure)

IPDL protocol error: Handler returned error code!

###!!! [Parent][DispatchAsyncMessage] Error: PLayerTransaction::Msg_ReleaseLayer Processing error: message was deserialized, but the handler returned false (indicating failure)

IPDL protocol error: Handler returned error code!

###!!! [Parent][DispatchAsyncMessage] Error: PLayerTransaction::Msg_ReleaseLayer Processing error: message was deserialized, but the handler returned false (indicating failure)

IPDL protocol error: Handler returned error code!

###!!! [Parent][DispatchAsyncMessage] Error: PLayerTransaction::Msg_ReleaseLayer Processing error: message was deserialized, but the handler returned false (indicating failure)

IPDL protocol error: Handler returned error code!

###!!! [Parent][DispatchAsyncMessage] Error: PLayerTransaction::Msg_ReleaseLayer Processing error: message was deserialized, but the handler returned false (indicating failure)

IPDL protocol error: Handler returned error code!

###!!! [Parent][DispatchAsyncMessage] Error: PLayerTransaction::Msg_ReleaseLayer Processing error: message was deserialized, but the handler returned false (indicating failure)

IPDL protocol error: Handler returned error code!

###!!! [Parent][DispatchAsyncMessage] Error: PLayerTransaction::Msg_ReleaseLayer Processing error: message was deserialized, but the handler returned false (indicating failure)

IPDL protocol error: Handler returned error code!

###!!! [Parent][DispatchAsyncMessage] Error: PLayerTransaction::Msg_ReleaseLayer Processing error: message was deserialized, but the handler returned false (indicating failure)

IPDL protocol error: Handler returned error code!

###!!! [Parent][DispatchAsyncMessage] Error: PLayerTransaction::Msg_ReleaseLayer Processing error: message was deserialized, but the handler returned false (indicating failure)

IPDL protocol error: Handler returned error code!

###!!! [Parent][DispatchAsyncMessage] Error: PLayerTransaction::Msg_ReleaseLayer Processing error: message was deserialized, but the handler returned false (indicating failure)

IPDL protocol error: Handler returned error code!

###!!! [Parent][DispatchAsyncMessage] Error: PLayerTransaction::Msg_ReleaseLayer Processing error: message was deserialized, but the handler returned false (indicating failure)

IPDL protocol error: Handler returned error code!

###!!! [Parent][DispatchAsyncMessage] Error: PLayerTransaction::Msg_ReleaseLayer Processing error: message was deserialized, but the handler returned false (indicating failure)

IPDL protocol error: Handler returned error code!

###!!! [Parent][DispatchAsyncMessage] Error: PLayerTransaction::Msg_ReleaseLayer Processing error: message was deserialized, but the handler returned false (indicating failure)

IPDL protocol error: Handler returned error code!

###!!! [Parent][DispatchAsyncMessage] Error: PLayerTransaction::Msg_ReleaseLayer Processing error: message was deserialized, but the handler returned false (indicating failure)

console.error: "Protocol error (noSuchActor): No such actor for ID: server1.conn0.child1/highlighter27"
[Parent 11456, Gecko_IOThread] WARNING: pipe error: 109: file z:/build/build/src/ipc/chromium/src/chrome/common/ipc_channel_win.cc, line 346
[Parent 11456, Gecko_IOThread] WARNING: pipe error: 109: file z:/build/build/src/ipc/chromium/src/chrome/common/ipc_channel_win.cc, line 346
[Child 7244, Chrome_ChildThread] WARNING: pipe error: 109: file z:/build/build/src/ipc/chromium/src/chrome/common/ipc_channel_win.cc, line 346
[Child 7244, Ch[Child 14168, Chrome_ChildThread] WARNING: pipe error: 109: file z:/build/build/src/ipc/chromium/src/chrome/common/ipc_channel_win.cc, line 346
[[Parent 11456, Gecko_IOThread] WARNING: pipe error: 109: file z:/build/build/src/ipc/chromium/src/chrome/common/ipc_channel_win.cc, line 346
1538566021704	Marionette	INFO	Stopped listening on port 54779

###!!! [Child][MessageChannel::SendAndWait] Error: Channel error: cannot send/recv

Error: PLayerTransaction::Msg_ReleaseLayer Processing error: message was deserialized, but the handler returned false (indicating failure)

IPDL protocol error: Handler returned error code!

###!!! [Parent][DispatchAsyncMessage] Error: PLayerTransaction::Msg_ReleaseLayer Processing error: message was deserialized, but the handler returned false (indicating failure)

IPDL protocol error: Handler returned error code!

###!!! [Parent][DispatchAsyncMessage] Error: PLayerTransaction::Msg_ReleaseLayer Processing error: message was deserialized, but the handler returned false (indicating failure)

IPDL protocol error: Handler returned error code!

###!!! [Parent][DispatchAsyncMessage] Error: PLayerTransaction::Msg_ReleaseLayer Processing error: message was deserialized, but the handler returned false (indicating failure)

[Parent 10192, Gecko_IOThread] WARNING: pipe error: 109: file z:/build/build/src/ipc/chromium/src/chrome/common/ipc_channel_win.cc, line 346
[Parent 10192, Gecko_IOThread] WARNING: pipe error: 109: file z:/build/build/src/ipc/chromium/src/chrome/common/ipc_channel_win.cc, line 346
[Child 9884, Chrome_ChildThread] WARNING: pipe error: 109: file z:/build/build/src/ipc/chromium/src/chrome/common/ipc_channel_win.cc, line 346
[Child 9884, Chrome_ChildThread] WARNING: pipe error: 109: file z:/build/build/s[Child 14012, Chrome_ChildThread] WARNING: pipe error: 109: file z:/build/build/src/ipc/chromium/src/chrome/common/ipc_channel_win.cc, line 346
[Child 1401[Parent 10192, Gecko_IOThread] WARNING: pipe error: 109: file z:/build/build/src/ipc/chromium/src/chrome/common/ipc_channel_win.cc, line 346
[Child 2576, Chrome_ChildThread] WARNING: pipe error: 109: file z:/build/build/src/ipc/chromium/src/chrome/common/ipc_channel_win.cc, line 346
[Child 2576, Chrome_ChildThread] WARNING: pipe error: 109: file z:/build/build/src/ipc/chromium/src/chrome/common/ipc_channel_win.cc, line 346
1538563770383	Marionette	INFO	Stopped listening on port 54440

###!!! [Child][MessageChannel::SendAndWait] Error: Channel error: cannot send/recv

